The target system is: Linux -  - 
The host system is: Linux - 2.6.32-31-generic-pae - i686
Compiling the C compiler identification source file "CMakeCCompilerId.c" succeeded.
Compiler: /home/katjae/android/android-ndk-r6/android-toolchain/bin/arm-linux-androideabi-gcc 
Build flags: --sysroot=/home/katjae/android/android-ndk-r6/android-toolchain/sysroot;-fPIC;-DANDROID;-Wno-psabi;-fsigned-char;-mthumb;-march=armv7-a;-mfloat-abi=softfp
Id flags: 

The output was:
0


Compilation of the C compiler identification source "CMakeCCompilerId.c" produced "a.out"

The C compiler identification is GNU, found in "/home/katjae/gitworld/mobile-spark/projects/DemoApp/_build/CMakeFiles/CompilerIdC/a.out"

Compiling the CXX compiler identification source file "CMakeCXXCompilerId.cpp" succeeded.
Compiler: /home/katjae/android/android-ndk-r6/android-toolchain/bin/arm-linux-androideabi-g++ 
Build flags: --sysroot=/home/katjae/android/android-ndk-r6/android-toolchain/sysroot;-fPIC;-DANDROID;-Wno-psabi;-fsigned-char;-mthumb;-march=armv7-a;-mfloat-abi=softfp
Id flags: 

The output was:
0
CMakeCXXCompilerId.cpp:73: warning: deprecated conversion from string constant to 'char*'
CMakeCXXCompilerId.cpp:163: warning: deprecated conversion from string constant to 'char*'


Compilation of the CXX compiler identification source "CMakeCXXCompilerId.cpp" produced "a.out"

The CXX compiler identification is GNU, found in "/home/katjae/gitworld/mobile-spark/projects/DemoApp/_build/CMakeFiles/CompilerIdCXX/a.out"

Determining if the C compiler works passed with the following output:
Change Dir: /home/katjae/gitworld/mobile-spark/projects/DemoApp/_build/CMakeFiles/CMakeTmp

Run Build Command:/usr/bin/make "cmTryCompileExec/fast"
/usr/bin/make -f CMakeFiles/cmTryCompileExec.dir/build.make CMakeFiles/cmTryCompileExec.dir/build
make[1]: Entering directory `/home/katjae/gitworld/mobile-spark/projects/DemoApp/_build/CMakeFiles/CMakeTmp'
/usr/bin/cmake -E cmake_progress_report /home/katjae/gitworld/mobile-spark/projects/DemoApp/_build/CMakeFiles/CMakeTmp/CMakeFiles 1
Building C object CMakeFiles/cmTryCompileExec.dir/testCCompiler.c.o
/home/katjae/android/android-ndk-r6/android-toolchain/bin/arm-linux-androideabi-gcc   --sysroot=/home/katjae/android/android-ndk-r6/android-toolchain/sysroot -fPIC -DANDROID -Wno-psabi -fsigned-char -mthumb -march=armv7-a -mfloat-abi=softfp   -I/home/katjae/android/android-ndk-r6/android-toolchain/arm-linux-androideabi/include/c++/4.4.3/arm-linux-androideabi   -o CMakeFiles/cmTryCompileExec.dir/testCCompiler.c.o   -c /home/katjae/gitworld/mobile-spark/projects/DemoApp/_build/CMakeFiles/CMakeTmp/testCCompiler.c
Linking C executable cmTryCompileExec
/usr/bin/cmake -E cmake_link_script CMakeFiles/cmTryCompileExec.dir/link.txt --verbose=1
/home/katjae/android/android-ndk-r6/android-toolchain/bin/arm-linux-androideabi-gcc   --sysroot=/home/katjae/android/android-ndk-r6/android-toolchain/sysroot -fPIC -DANDROID -Wno-psabi -fsigned-char -mthumb -march=armv7-a -mfloat-abi=softfp    -Wl,--no-undefined -Wl,--fix-cortex-a8 -L/home/katjae/android/android-ndk-r6//sources/cxx-stl/gnu-libstdc++/libs/armeabi-v7a -lstdc++ -lsupc++  CMakeFiles/cmTryCompileExec.dir/testCCompiler.c.o  -o cmTryCompileExec -rdynamic 
make[1]: Leaving directory `/home/katjae/gitworld/mobile-spark/projects/DemoApp/_build/CMakeFiles/CMakeTmp'


Detecting C compiler ABI info compiled with the following output:
Change Dir: /home/katjae/gitworld/mobile-spark/projects/DemoApp/_build/CMakeFiles/CMakeTmp

Run Build Command:/usr/bin/make "cmTryCompileExec/fast"
/usr/bin/make -f CMakeFiles/cmTryCompileExec.dir/build.make CMakeFiles/cmTryCompileExec.dir/build
make[1]: Entering directory `/home/katjae/gitworld/mobile-spark/projects/DemoApp/_build/CMakeFiles/CMakeTmp'
/usr/bin/cmake -E cmake_progress_report /home/katjae/gitworld/mobile-spark/projects/DemoApp/_build/CMakeFiles/CMakeTmp/CMakeFiles 1
Building C object CMakeFiles/cmTryCompileExec.dir/CMakeCCompilerABI.c.o
/home/katjae/android/android-ndk-r6/android-toolchain/bin/arm-linux-androideabi-gcc   --sysroot=/home/katjae/android/android-ndk-r6/android-toolchain/sysroot -fPIC -DANDROID -Wno-psabi -fsigned-char -mthumb -march=armv7-a -mfloat-abi=softfp   -I/home/katjae/android/android-ndk-r6/android-toolchain/arm-linux-androideabi/include/c++/4.4.3/arm-linux-androideabi   -o CMakeFiles/cmTryCompileExec.dir/CMakeCCompilerABI.c.o   -c /usr/share/cmake-2.8/Modules/CMakeCCompilerABI.c
Linking C executable cmTryCompileExec
/usr/bin/cmake -E cmake_link_script CMakeFiles/cmTryCompileExec.dir/link.txt --verbose=1
/home/katjae/android/android-ndk-r6/android-toolchain/bin/arm-linux-androideabi-gcc   --sysroot=/home/katjae/android/android-ndk-r6/android-toolchain/sysroot -fPIC -DANDROID -Wno-psabi -fsigned-char -mthumb -march=armv7-a -mfloat-abi=softfp    -Wl,--no-undefined -Wl,--fix-cortex-a8 -L/home/katjae/android/android-ndk-r6//sources/cxx-stl/gnu-libstdc++/libs/armeabi-v7a -lstdc++ -lsupc++  CMakeFiles/cmTryCompileExec.dir/CMakeCCompilerABI.c.o  -o cmTryCompileExec -rdynamic  
make[1]: Leaving directory `/home/katjae/gitworld/mobile-spark/projects/DemoApp/_build/CMakeFiles/CMakeTmp'


Parsed C implicit link information from above output:
  link line regex: [^( *|.*[/\])(arm-linux-androideabi-ld|ld|collect2)[^/\]*( |$)]
  ignore line: [Change Dir: /home/katjae/gitworld/mobile-spark/projects/DemoApp/_build/CMakeFiles/CMakeTmp]
  ignore line: []
  ignore line: [Run Build Command:/usr/bin/make "cmTryCompileExec/fast"]
  ignore line: [/usr/bin/make -f CMakeFiles/cmTryCompileExec.dir/build.make CMakeFiles/cmTryCompileExec.dir/build]
  ignore line: [make[1]: Entering directory `/home/katjae/gitworld/mobile-spark/projects/DemoApp/_build/CMakeFiles/CMakeTmp']
  ignore line: [/usr/bin/cmake -E cmake_progress_report /home/katjae/gitworld/mobile-spark/projects/DemoApp/_build/CMakeFiles/CMakeTmp/CMakeFiles 1]
  ignore line: [Building C object CMakeFiles/cmTryCompileExec.dir/CMakeCCompilerABI.c.o]
  ignore line: [/home/katjae/android/android-ndk-r6/android-toolchain/bin/arm-linux-androideabi-gcc   --sysroot=/home/katjae/android/android-ndk-r6/android-toolchain/sysroot -fPIC -DANDROID -Wno-psabi -fsigned-char -mthumb -march=armv7-a -mfloat-abi=softfp   -I/home/katjae/android/android-ndk-r6/android-toolchain/arm-linux-androideabi/include/c++/4.4.3/arm-linux-androideabi   -o CMakeFiles/cmTryCompileExec.dir/CMakeCCompilerABI.c.o   -c /usr/share/cmake-2.8/Modules/CMakeCCompilerABI.c]
  ignore line: [Linking C executable cmTryCompileExec]
  ignore line: [/usr/bin/cmake -E cmake_link_script CMakeFiles/cmTryCompileExec.dir/link.txt --verbose=1]
  ignore line: [/home/katjae/android/android-ndk-r6/android-toolchain/bin/arm-linux-androideabi-gcc   --sysroot=/home/katjae/android/android-ndk-r6/android-toolchain/sysroot -fPIC -DANDROID -Wno-psabi -fsigned-char -mthumb -march=armv7-a -mfloat-abi=softfp    -Wl,--no-undefined -Wl,--fix-cortex-a8 -L/home/katjae/android/android-ndk-r6//sources/cxx-stl/gnu-libstdc++/libs/armeabi-v7a -lstdc++ -lsupc++  CMakeFiles/cmTryCompileExec.dir/CMakeCCompilerABI.c.o  -o cmTryCompileExec -rdynamic  ]
  ignore line: [make[1]: Leaving directory `/home/katjae/gitworld/mobile-spark/projects/DemoApp/_build/CMakeFiles/CMakeTmp']
  ignore line: []
  implicit libs: []
  implicit dirs: []


Determining if the CXX compiler works passed with the following output:
Change Dir: /home/katjae/gitworld/mobile-spark/projects/DemoApp/_build/CMakeFiles/CMakeTmp

Run Build Command:/usr/bin/make "cmTryCompileExec/fast"
/usr/bin/make -f CMakeFiles/cmTryCompileExec.dir/build.make CMakeFiles/cmTryCompileExec.dir/build
make[1]: Entering directory `/home/katjae/gitworld/mobile-spark/projects/DemoApp/_build/CMakeFiles/CMakeTmp'
/usr/bin/cmake -E cmake_progress_report /home/katjae/gitworld/mobile-spark/projects/DemoApp/_build/CMakeFiles/CMakeTmp/CMakeFiles 1
Building CXX object CMakeFiles/cmTryCompileExec.dir/testCXXCompiler.cxx.o
/home/katjae/android/android-ndk-r6/android-toolchain/bin/arm-linux-androideabi-g++    --sysroot=/home/katjae/android/android-ndk-r6/android-toolchain/sysroot -fPIC -DANDROID -Wno-psabi -fsigned-char -mthumb -march=armv7-a -mfloat-abi=softfp   -I/home/katjae/android/android-ndk-r6/android-toolchain/arm-linux-androideabi/include/c++/4.4.3/arm-linux-androideabi   -o CMakeFiles/cmTryCompileExec.dir/testCXXCompiler.cxx.o -c /home/katjae/gitworld/mobile-spark/projects/DemoApp/_build/CMakeFiles/CMakeTmp/testCXXCompiler.cxx
Linking CXX executable cmTryCompileExec
/usr/bin/cmake -E cmake_link_script CMakeFiles/cmTryCompileExec.dir/link.txt --verbose=1
/home/katjae/android/android-ndk-r6/android-toolchain/bin/arm-linux-androideabi-g++    --sysroot=/home/katjae/android/android-ndk-r6/android-toolchain/sysroot -fPIC -DANDROID -Wno-psabi -fsigned-char -mthumb -march=armv7-a -mfloat-abi=softfp    -Wl,--no-undefined -Wl,--fix-cortex-a8 -L/home/katjae/android/android-ndk-r6//sources/cxx-stl/gnu-libstdc++/libs/armeabi-v7a -lstdc++ -lsupc++  CMakeFiles/cmTryCompileExec.dir/testCXXCompiler.cxx.o  -o cmTryCompileExec -rdynamic 
make[1]: Leaving directory `/home/katjae/gitworld/mobile-spark/projects/DemoApp/_build/CMakeFiles/CMakeTmp'


Detecting CXX compiler ABI info compiled with the following output:
Change Dir: /home/katjae/gitworld/mobile-spark/projects/DemoApp/_build/CMakeFiles/CMakeTmp

Run Build Command:/usr/bin/make "cmTryCompileExec/fast"
/usr/bin/make -f CMakeFiles/cmTryCompileExec.dir/build.make CMakeFiles/cmTryCompileExec.dir/build
make[1]: Entering directory `/home/katjae/gitworld/mobile-spark/projects/DemoApp/_build/CMakeFiles/CMakeTmp'
/usr/bin/cmake -E cmake_progress_report /home/katjae/gitworld/mobile-spark/projects/DemoApp/_build/CMakeFiles/CMakeTmp/CMakeFiles 1
Building CXX object CMakeFiles/cmTryCompileExec.dir/CMakeCXXCompilerABI.cpp.o
/home/katjae/android/android-ndk-r6/android-toolchain/bin/arm-linux-androideabi-g++    --sysroot=/home/katjae/android/android-ndk-r6/android-toolchain/sysroot -fPIC -DANDROID -Wno-psabi -fsigned-char -mthumb -march=armv7-a -mfloat-abi=softfp   -I/home/katjae/android/android-ndk-r6/android-toolchain/arm-linux-androideabi/include/c++/4.4.3/arm-linux-androideabi   -o CMakeFiles/cmTryCompileExec.dir/CMakeCXXCompilerABI.cpp.o -c /usr/share/cmake-2.8/Modules/CMakeCXXCompilerABI.cpp
Linking CXX executable cmTryCompileExec
/usr/bin/cmake -E cmake_link_script CMakeFiles/cmTryCompileExec.dir/link.txt --verbose=1
/home/katjae/android/android-ndk-r6/android-toolchain/bin/arm-linux-androideabi-g++    --sysroot=/home/katjae/android/android-ndk-r6/android-toolchain/sysroot -fPIC -DANDROID -Wno-psabi -fsigned-char -mthumb -march=armv7-a -mfloat-abi=softfp    -Wl,--no-undefined -Wl,--fix-cortex-a8 -L/home/katjae/android/android-ndk-r6//sources/cxx-stl/gnu-libstdc++/libs/armeabi-v7a -lstdc++ -lsupc++  CMakeFiles/cmTryCompileExec.dir/CMakeCXXCompilerABI.cpp.o  -o cmTryCompileExec -rdynamic  
make[1]: Leaving directory `/home/katjae/gitworld/mobile-spark/projects/DemoApp/_build/CMakeFiles/CMakeTmp'


Parsed CXX implicit link information from above output:
  link line regex: [^( *|.*[/\])(arm-linux-androideabi-ld|ld|collect2)[^/\]*( |$)]
  ignore line: [Change Dir: /home/katjae/gitworld/mobile-spark/projects/DemoApp/_build/CMakeFiles/CMakeTmp]
  ignore line: []
  ignore line: [Run Build Command:/usr/bin/make "cmTryCompileExec/fast"]
  ignore line: [/usr/bin/make -f CMakeFiles/cmTryCompileExec.dir/build.make CMakeFiles/cmTryCompileExec.dir/build]
  ignore line: [make[1]: Entering directory `/home/katjae/gitworld/mobile-spark/projects/DemoApp/_build/CMakeFiles/CMakeTmp']
  ignore line: [/usr/bin/cmake -E cmake_progress_report /home/katjae/gitworld/mobile-spark/projects/DemoApp/_build/CMakeFiles/CMakeTmp/CMakeFiles 1]
  ignore line: [Building CXX object CMakeFiles/cmTryCompileExec.dir/CMakeCXXCompilerABI.cpp.o]
  ignore line: [/home/katjae/android/android-ndk-r6/android-toolchain/bin/arm-linux-androideabi-g++    --sysroot=/home/katjae/android/android-ndk-r6/android-toolchain/sysroot -fPIC -DANDROID -Wno-psabi -fsigned-char -mthumb -march=armv7-a -mfloat-abi=softfp   -I/home/katjae/android/android-ndk-r6/android-toolchain/arm-linux-androideabi/include/c++/4.4.3/arm-linux-androideabi   -o CMakeFiles/cmTryCompileExec.dir/CMakeCXXCompilerABI.cpp.o -c /usr/share/cmake-2.8/Modules/CMakeCXXCompilerABI.cpp]
  ignore line: [Linking CXX executable cmTryCompileExec]
  ignore line: [/usr/bin/cmake -E cmake_link_script CMakeFiles/cmTryCompileExec.dir/link.txt --verbose=1]
  ignore line: [/home/katjae/android/android-ndk-r6/android-toolchain/bin/arm-linux-androideabi-g++    --sysroot=/home/katjae/android/android-ndk-r6/android-toolchain/sysroot -fPIC -DANDROID -Wno-psabi -fsigned-char -mthumb -march=armv7-a -mfloat-abi=softfp    -Wl,--no-undefined -Wl,--fix-cortex-a8 -L/home/katjae/android/android-ndk-r6//sources/cxx-stl/gnu-libstdc++/libs/armeabi-v7a -lstdc++ -lsupc++  CMakeFiles/cmTryCompileExec.dir/CMakeCXXCompilerABI.cpp.o  -o cmTryCompileExec -rdynamic  ]
  ignore line: [make[1]: Leaving directory `/home/katjae/gitworld/mobile-spark/projects/DemoApp/_build/CMakeFiles/CMakeTmp']
  ignore line: []
  implicit libs: []
  implicit dirs: []


